<?xml version="1.0" encoding="UTF-8"?>
<testng-results skipped="0" failed="0" ignored="0" total="1" passed="1">
  <reporter-output>
  </reporter-output>
  <suite name="Default suite" duration-ms="25662" started-at="2018-03-26T18:32:46Z" finished-at="2018-03-26T18:33:12Z">
    <groups>
    </groups>
    <test name="Default test" duration-ms="25662" started-at="2018-03-26T18:32:46Z" finished-at="2018-03-26T18:33:12Z">
      <class name="com.learn.selenium.Test01_J">
        <test-method status="PASS" signature="test()[pri:0, instance:com.learn.selenium.Test01_J@100fc185]" name="test" duration-ms="25537" started-at="2018-03-27T00:02:46Z" finished-at="2018-03-27T00:03:12Z">
          <reporter-output>
          </reporter-output>
        </test-method> <!-- test -->
      </class> <!-- com.learn.selenium.Test01_J -->
    </test> <!-- Default test -->
  </suite> <!-- Default suite -->
</testng-results>
